[INFO ] 2026-01-10 14:09:58.908 [main] Ecommarce - url open1
[INFO ] 2026-01-10 14:10:02.912 [main] Ecommarce - clicked on signinButton button
[INFO ] 2026-01-10 14:10:02.989 [main] Ecommarce - enteedrEmailAddress
[INFO ] 2026-01-10 14:10:03.061 [main] Ecommarce - enteedrPassword
[INFO ] 2026-01-10 14:10:05.681 [main] Ecommarce - ClickOnloginButton
[INFO ] 2026-01-10 14:10:06.029 [main] Ecommarce - VerifyLogin - Passed
[INFO ] 2026-01-10 14:10:08.977 [main] Ecommarce - ***************TestCase Verify login ends*****************
[INFO ] 2026-01-10 14:10:11.101 [main] Ecommarce - clicked on signinButton button
[INFO ] 2026-01-10 14:10:11.163 [main] Ecommarce - enteedrEmailAddress
[INFO ] 2026-01-10 14:10:11.207 [main] Ecommarce - enteedrPassword
[INFO ] 2026-01-10 14:10:11.285 [main] Ecommarce - ClickOnloginButton
[INFO ] 2026-01-10 14:10:14.219 [main] Ecommarce - VerifyLogin - Failed
[INFO ] 2026-01-10 14:21:00.482 [main] Ecommarce - url open1
[INFO ] 2026-01-10 14:21:03.251 [main] Ecommarce - clicked on signinButton button
[INFO ] 2026-01-10 14:21:03.326 [main] Ecommarce - enteedrEmailAddress
[INFO ] 2026-01-10 14:21:03.420 [main] Ecommarce - enteedrPassword
[INFO ] 2026-01-10 14:21:05.469 [main] Ecommarce - ClickOnloginButton
[INFO ] 2026-01-10 14:21:05.814 [main] Ecommarce - VerifyLogin - Passed
[INFO ] 2026-01-10 14:21:07.460 [main] Ecommarce - ***************TestCase Verify login ends*****************
[INFO ] 2026-01-10 14:21:08.345 [main] Ecommarce - clicked on signinButton button
[INFO ] 2026-01-10 14:21:08.402 [main] Ecommarce - enteedrEmailAddress
[INFO ] 2026-01-10 14:21:08.439 [main] Ecommarce - enteedrPassword
[INFO ] 2026-01-10 14:21:10.488 [main] Ecommarce - ClickOnloginButton
[INFO ] 2026-01-10 14:21:10.813 [main] Ecommarce - VerifyLogin - Failed
[INFO ] 2026-01-10 14:23:19.332 [main] Ecommarce - url open1
[INFO ] 2026-01-10 14:23:24.517 [main] Ecommarce - clicked on signinButton button
[INFO ] 2026-01-10 14:23:24.592 [main] Ecommarce - enteedrEmailAddress
[INFO ] 2026-01-10 14:23:24.634 [main] Ecommarce - enteedrPassword
[INFO ] 2026-01-10 14:23:27.269 [main] Ecommarce - ClickOnloginButton
[INFO ] 2026-01-10 14:23:27.597 [main] Ecommarce - VerifyLogin - Passed
[INFO ] 2026-01-10 14:23:30.364 [main] Ecommarce - ***************TestCase Verify login ends*****************
[INFO ] 2026-01-10 14:23:33.127 [main] Ecommarce - clicked on signinButton button
[INFO ] 2026-01-10 14:23:33.203 [main] Ecommarce - enteedrEmailAddress
[INFO ] 2026-01-10 14:23:33.246 [main] Ecommarce - enteedrPassword
[INFO ] 2026-01-10 14:23:35.724 [main] Ecommarce - ClickOnloginButton
[INFO ] 2026-01-10 14:23:36.043 [main] Ecommarce - VerifyLogin - Failed
[INFO ] 2026-01-10 14:27:00.411 [main] Ecommarce - url open1
[INFO ] 2026-01-10 14:27:02.083 [main] Ecommarce - clicked on signinButton button
[INFO ] 2026-01-10 14:27:02.143 [main] Ecommarce - enteedrEmailAddress
[INFO ] 2026-01-10 14:27:02.182 [main] Ecommarce - enteedrPassword
[INFO ] 2026-01-10 14:27:05.584 [main] Ecommarce - ClickOnloginButton
[INFO ] 2026-01-10 14:27:05.916 [main] Ecommarce - VerifyLogin - Passed
[INFO ] 2026-01-10 14:27:07.041 [main] Ecommarce - ***************TestCase Verify login ends*****************
[INFO ] 2026-01-10 14:27:07.949 [main] Ecommarce - clicked on signinButton button
[INFO ] 2026-01-10 14:27:08.006 [main] Ecommarce - enteedrEmailAddress
[INFO ] 2026-01-10 14:27:08.046 [main] Ecommarce - enteedrPassword
[INFO ] 2026-01-10 14:27:10.765 [main] Ecommarce - ClickOnloginButton
[INFO ] 2026-01-10 14:27:11.088 [main] Ecommarce - VerifyLogin - Failed
[INFO ] 2026-01-10 14:34:08.703 [main] Ecommarce - url open1
[INFO ] 2026-01-10 14:34:10.900 [main] Ecommarce - clicked on signinButton button
[INFO ] 2026-01-10 14:34:10.962 [main] Ecommarce - enteedrEmailAddress
[INFO ] 2026-01-10 14:34:11.003 [main] Ecommarce - enteedrPassword
[INFO ] 2026-01-10 14:34:14.986 [main] Ecommarce - ClickOnloginButton
[INFO ] 2026-01-10 14:34:15.323 [main] Ecommarce - VerifyLogin - Passed
[INFO ] 2026-01-10 14:34:16.461 [main] Ecommarce - ***************TestCase Verify login ends*****************
[INFO ] 2026-01-10 14:34:18.798 [main] Ecommarce - clicked on signinButton button
[INFO ] 2026-01-10 14:34:18.864 [main] Ecommarce - enteedrEmailAddress
[INFO ] 2026-01-10 14:34:18.910 [main] Ecommarce - enteedrPassword
[INFO ] 2026-01-10 14:34:20.954 [main] Ecommarce - ClickOnloginButton
[INFO ] 2026-01-10 14:34:21.278 [main] Ecommarce - VerifyLogin - Failed
